TN:
SF:C:\Users\Angel Barusta\Desktop\nodejs\iot_nodejs\index.js
FN:9,(anonymous_0)
FNF:1
FNH:1
FNDA:2,(anonymous_0)
DA:3,2
DA:4,2
DA:5,2
DA:7,2
DA:9,2
DA:10,2
DA:22,2
DA:23,2
DA:24,2
DA:26,2
DA:27,2
DA:29,2
DA:31,2
DA:32,0
DA:35,2
DA:36,2
DA:38,2
LF:17
LH:16
BRDA:31,0,0,0
BRDA:31,0,1,2
BRF:2
BRH:1
end_of_record
TN:
SF:C:\Users\Angel Barusta\Desktop\nodejs\iot_nodejs\lib\db.js
FN:6,setupDatabase
FNF:1
FNH:1
FNDA:2,setupDatabase
DA:3,1
DA:4,1
DA:6,1
DA:7,2
DA:8,1
DA:10,2
LF:6
LH:6
BRDA:7,0,0,1
BRDA:7,0,1,1
BRF:2
BRH:2
end_of_record
TN:
SF:C:\Users\Angel Barusta\Desktop\nodejs\iot_nodejs\models\agent.js
FN:6,setupAgentModel
FNF:1
FNH:0
FNDA:0,setupAgentModel
DA:3,1
DA:4,1
DA:6,1
DA:7,0
DA:9,0
LF:5
LH:3
BRF:0
BRH:0
end_of_record
TN:
SF:C:\Users\Angel Barusta\Desktop\nodejs\iot_nodejs\models\metric.js
FN:6,setupMetricModel
FNF:1
FNH:0
FNDA:0,setupMetricModel
DA:3,1
DA:4,1
DA:6,1
DA:7,0
DA:9,0
LF:5
LH:3
BRF:0
BRH:0
end_of_record
TN:
SF:C:\Users\Angel Barusta\Desktop\nodejs\iot_nodejs\tests\agent-tests.js
FN:5,(anonymous_0)
FN:5,PowerAssertRecorder
FN:5,_capt
FN:5,_expr
FN:12,(anonymous_4)
FN:23,(anonymous_5)
FN:32,(anonymous_6)
FN:33,(anonymous_7)
FN:39,(anonymous_8)
FN:43,(anonymous_9)
FN:56,(anonymous_10)
FNF:11
FNH:11
FNDA:1,(anonymous_0)
FNDA:5,PowerAssertRecorder
FNDA:16,_capt
FNDA:5,_expr
FNDA:2,(anonymous_4)
FNDA:2,(anonymous_5)
FNDA:2,(anonymous_6)
FNDA:2,(anonymous_7)
FNDA:2,(anonymous_8)
FNDA:1,(anonymous_9)
FNDA:1,(anonymous_10)
DA:4,1
DA:5,16
DA:7,1
DA:8,1
DA:9,1
DA:11,1
DA:15,1
DA:19,1
DA:20,1
DA:21,1
DA:23,1
DA:24,2
DA:26,2
DA:31,2
DA:32,2
DA:33,2
DA:36,2
DA:39,1
DA:40,2
DA:43,1
DA:44,1
DA:47,1
DA:56,1
DA:57,1
DA:58,1
DA:59,1
DA:60,1
DA:62,1
DA:70,1
DA:78,1
DA:86,1
LF:31
LH:31
BRDA:40,0,0,2
BRDA:40,0,1,2
BRF:2
BRH:2
end_of_record
